<?xml version="1.0" encoding="UTF-8"?>
<!-- Generated by org.testng.reporters.JUnitReportReporter -->
<testsuite skipped="0" hostname="DESKTOP-VH56LQQ" name="pfPack.tests.LoginTest" tests="1" failures="0" timestamp="16 Aug 2018 16:58:48 GMT" time="21.430" errors="0">
  <testcase name="testLogin" time="21.430" classname="pfPack.tests.LoginTest"/>
</testsuite> <!-- pfPack.tests.LoginTest -->
