<?xml version="1.0" encoding="UTF-8"?>
<!-- Generated by org.testng.reporters.JUnitReportReporter -->
<testsuite skipped="0" hostname="OSIT-L-0463" name="pfPack.tests.LoginTest" tests="1" failures="0" timestamp="07 Sep 2018 21:21:54 GMT" time="24.744" errors="0">
  <testcase name="testLogin" time="24.744" classname="pfPack.tests.LoginTest"/>
</testsuite> <!-- pfPack.tests.LoginTest -->
